2024-05-12 00:01:26.646  WARN 7052 --- [HikariPool-1 housekeeper] (system) com.zaxxer.hikari.pool.HikariPool        : HikariPool-1 - Thread starvation or clock leap detected (housekeeper delta=14m58s601ms863µs600ns).
2024-05-12 00:03:53.821  WARN 7052 --- [HikariPool-1 housekeeper] (system) com.zaxxer.hikari.pool.HikariPool        : HikariPool-1 - Thread starvation or clock leap detected (housekeeper delta=2m27s175ms543µs100ns).
2024-05-12 00:08:35.907  INFO 7052 --- [SpringApplicationShutdownHook] (system) com.zaxxer.hikari.HikariDataSource       : HikariPool-1 - Shutdown initiated...
2024-05-12 00:08:35.923  INFO 7052 --- [SpringApplicationShutdownHook] (system) com.zaxxer.hikari.HikariDataSource       : HikariPool-1 - Shutdown completed.
2024-05-12 00:55:44.037  INFO 22476 --- [main] (system) o.g.monitor.server.ServerApplication     : Starting ServerApplication using Java 17.0.9 with PID 22476 (C:\definition_bymyself\java_code\Monitor\monitor-service\target\classes started by Garcia in C:\definition_bymyself\java_code\Monitor)
2024-05-12 00:55:44.039  INFO 22476 --- [main] (system) o.g.monitor.server.ServerApplication     : The following 1 profile is active: "dev"
2024-05-12 00:55:44.764  INFO 22476 --- [main] (system) .s.d.r.c.RepositoryConfigurationDelegate : Multiple Spring Data modules found, entering strict repository configuration mode
2024-05-12 00:55:44.768  INFO 22476 --- [main] (system) .s.d.r.c.RepositoryConfigurationDelegate : Bootstrapping Spring Data Redis repositories in DEFAULT mode.
2024-05-12 00:55:44.811  INFO 22476 --- [main] (system) .s.d.r.c.RepositoryConfigurationDelegate : Finished Spring Data repository scanning in 19 ms. Found 0 Redis repository interfaces.
2024-05-12 00:55:45.586  INFO 22476 --- [main] (system) o.s.b.w.embedded.tomcat.TomcatWebServer  : Tomcat initialized with port(s): 8080 (http)
2024-05-12 00:55:45.598  INFO 22476 --- [main] (system) o.apache.catalina.core.StandardService   : Starting service [Tomcat]
2024-05-12 00:55:45.599  INFO 22476 --- [main] (system) o.apache.catalina.core.StandardEngine    : Starting Servlet engine: [Apache Tomcat/10.1.20]
2024-05-12 00:55:45.736  INFO 22476 --- [main] (system) o.a.c.c.C.[Tomcat].[localhost].[/]       : Initializing Spring embedded WebApplicationContext
2024-05-12 00:55:45.738  INFO 22476 --- [main] (system) w.s.c.ServletWebServerApplicationContext : Root WebApplicationContext: initialization completed in 1659 ms
2024-05-12 00:55:46.293  INFO 22476 --- [main] (system) com.zaxxer.hikari.HikariDataSource       : HikariPool-1 - Starting...
2024-05-12 00:55:46.582  INFO 22476 --- [main] (system) com.zaxxer.hikari.pool.HikariPool        : HikariPool-1 - Added connection com.mysql.cj.jdbc.ConnectionImpl@667a467f
2024-05-12 00:55:46.585  INFO 22476 --- [main] (system) com.zaxxer.hikari.HikariDataSource       : HikariPool-1 - Start completed.
2024-05-12 00:55:46.957  INFO 22476 --- [main] (system) o.s.s.web.DefaultSecurityFilterChain     : Will secure any request with [org.springframework.security.web.session.DisableEncodeUrlFilter@c30f26d, org.springframework.security.web.context.request.async.WebAsyncManagerIntegrationFilter@5d74507c, org.springframework.security.web.context.SecurityContextHolderFilter@450d10cb, org.springframework.security.web.header.HeaderWriterFilter@1169fdfd, org.springframework.security.web.authentication.logout.LogoutFilter@549d14fe, org.springframework.security.web.authentication.UsernamePasswordAuthenticationFilter@6eb00cbe, org.springframework.security.web.authentication.ui.DefaultLoginPageGeneratingFilter@1626bddf, org.springframework.security.web.authentication.ui.DefaultLogoutPageGeneratingFilter@2a984952, org.springframework.security.web.savedrequest.RequestCacheAwareFilter@6a9df5, org.springframework.security.web.servletapi.SecurityContextHolderAwareRequestFilter@63d0e8d, org.springframework.security.web.authentication.AnonymousAuthenticationFilter@16944b58, org.garcia.monitor.server.filter.ExceptionFilter@2db15f70, org.springframework.security.web.access.ExceptionTranslationFilter@3dad535f, org.springframework.security.web.access.intercept.AuthorizationFilter@2890e479]
2024-05-12 00:55:47.040  INFO 22476 --- [main] (system) c.c.s.c.s.AbstractWorkIdChooseTemplate   : snowFlake type:common.core.snowflake.core.snowflake.RandomWorkIdChoose, workId:30, dataCenterId:10
2024-05-12 00:55:47.482  INFO 22476 --- [main] (system) o.s.b.w.embedded.tomcat.TomcatWebServer  : Tomcat started on port(s): 8080 (http) with context path ''
2024-05-12 00:55:47.491  INFO 22476 --- [main] (system) o.g.monitor.server.ServerApplication     : Started ServerApplication in 3.862 seconds (process running for 4.287)
2024-05-12 00:55:56.224  INFO 22476 --- [http-nio-8080-exec-1] (system) o.a.c.c.C.[Tomcat].[localhost].[/]       : Initializing Spring DispatcherServlet 'dispatcherServlet'
2024-05-12 00:55:56.224  INFO 22476 --- [http-nio-8080-exec-1] (system) o.s.web.servlet.DispatcherServlet        : Initializing Servlet 'dispatcherServlet'
2024-05-12 00:55:56.225  INFO 22476 --- [http-nio-8080-exec-1] (system) o.s.web.servlet.DispatcherServlet        : Completed initialization in 1 ms
2024-05-12 00:58:45.524  INFO 22476 --- [SpringApplicationShutdownHook] (system) com.zaxxer.hikari.HikariDataSource       : HikariPool-1 - Shutdown initiated...
2024-05-12 00:58:45.532  INFO 22476 --- [SpringApplicationShutdownHook] (system) com.zaxxer.hikari.HikariDataSource       : HikariPool-1 - Shutdown completed.
2024-05-12 01:00:34.834  INFO 8812 --- [main] (system) o.g.monitor.server.ServerApplication     : Starting ServerApplication using Java 17.0.9 with PID 8812 (C:\definition_bymyself\java_code\Monitor\monitor-service\target\classes started by Garcia in C:\definition_bymyself\java_code\Monitor)
2024-05-12 01:00:34.836  INFO 8812 --- [main] (system) o.g.monitor.server.ServerApplication     : The following 1 profile is active: "dev"
2024-05-12 01:00:35.443  INFO 8812 --- [main] (system) .s.d.r.c.RepositoryConfigurationDelegate : Multiple Spring Data modules found, entering strict repository configuration mode
2024-05-12 01:00:35.446  INFO 8812 --- [main] (system) .s.d.r.c.RepositoryConfigurationDelegate : Bootstrapping Spring Data Redis repositories in DEFAULT mode.
2024-05-12 01:00:35.489  INFO 8812 --- [main] (system) .s.d.r.c.RepositoryConfigurationDelegate : Finished Spring Data repository scanning in 26 ms. Found 0 Redis repository interfaces.
2024-05-12 01:00:36.148  INFO 8812 --- [main] (system) o.s.b.w.embedded.tomcat.TomcatWebServer  : Tomcat initialized with port(s): 8080 (http)
2024-05-12 01:00:36.157  INFO 8812 --- [main] (system) o.apache.catalina.core.StandardService   : Starting service [Tomcat]
2024-05-12 01:00:36.157  INFO 8812 --- [main] (system) o.apache.catalina.core.StandardEngine    : Starting Servlet engine: [Apache Tomcat/10.1.20]
2024-05-12 01:00:36.273  INFO 8812 --- [main] (system) o.a.c.c.C.[Tomcat].[localhost].[/]       : Initializing Spring embedded WebApplicationContext
2024-05-12 01:00:36.274  INFO 8812 --- [main] (system) w.s.c.ServletWebServerApplicationContext : Root WebApplicationContext: initialization completed in 1398 ms
2024-05-12 01:00:36.773  INFO 8812 --- [main] (system) com.zaxxer.hikari.HikariDataSource       : HikariPool-1 - Starting...
2024-05-12 01:00:37.092  INFO 8812 --- [main] (system) com.zaxxer.hikari.pool.HikariPool        : HikariPool-1 - Added connection com.mysql.cj.jdbc.ConnectionImpl@704c3bdf
2024-05-12 01:00:37.094  INFO 8812 --- [main] (system) com.zaxxer.hikari.HikariDataSource       : HikariPool-1 - Start completed.
2024-05-12 01:00:37.436  INFO 8812 --- [main] (system) o.s.s.web.DefaultSecurityFilterChain     : Will secure any request with [org.springframework.security.web.session.DisableEncodeUrlFilter@213ceb4e, org.springframework.security.web.context.request.async.WebAsyncManagerIntegrationFilter@23c72128, org.springframework.security.web.context.SecurityContextHolderFilter@2548fc01, org.springframework.security.web.header.HeaderWriterFilter@6c9151c1, org.springframework.security.web.authentication.logout.LogoutFilter@13aa54f1, org.springframework.security.web.authentication.UsernamePasswordAuthenticationFilter@41026e5c, org.springframework.security.web.authentication.ui.DefaultLoginPageGeneratingFilter@48f4f03e, org.springframework.security.web.authentication.ui.DefaultLogoutPageGeneratingFilter@2bd2430f, org.springframework.security.web.savedrequest.RequestCacheAwareFilter@5cd71ee2, org.springframework.security.web.servletapi.SecurityContextHolderAwareRequestFilter@75add13c, org.springframework.security.web.authentication.AnonymousAuthenticationFilter@2890e479, org.garcia.monitor.server.filter.ExceptionFilter@475f5672, org.springframework.security.web.access.ExceptionTranslationFilter@2299f6d7, org.springframework.security.web.access.intercept.AuthorizationFilter@77d54a41]
2024-05-12 01:00:37.540  INFO 8812 --- [main] (system) c.c.s.c.s.AbstractWorkIdChooseTemplate   : snowFlake type:common.core.snowflake.core.snowflake.RandomWorkIdChoose, workId:25, dataCenterId:15
2024-05-12 01:00:38.009  INFO 8812 --- [main] (system) o.s.b.w.embedded.tomcat.TomcatWebServer  : Tomcat started on port(s): 8080 (http) with context path ''
2024-05-12 01:00:38.020  INFO 8812 --- [main] (system) o.g.monitor.server.ServerApplication     : Started ServerApplication in 3.594 seconds (process running for 4.069)
2024-05-12 01:00:46.612  INFO 8812 --- [http-nio-8080-exec-1] (system) o.a.c.c.C.[Tomcat].[localhost].[/]       : Initializing Spring DispatcherServlet 'dispatcherServlet'
2024-05-12 01:00:46.612  INFO 8812 --- [http-nio-8080-exec-1] (system) o.s.web.servlet.DispatcherServlet        : Initializing Servlet 'dispatcherServlet'
2024-05-12 01:00:46.613  INFO 8812 --- [http-nio-8080-exec-1] (system) o.s.web.servlet.DispatcherServlet        : Completed initialization in 0 ms
2024-05-12 01:02:40.117  INFO 8812 --- [SpringApplicationShutdownHook] (system) com.zaxxer.hikari.HikariDataSource       : HikariPool-1 - Shutdown initiated...
2024-05-12 01:02:40.122  INFO 8812 --- [SpringApplicationShutdownHook] (system) com.zaxxer.hikari.HikariDataSource       : HikariPool-1 - Shutdown completed.
2024-05-12 01:02:48.015  INFO 3376 --- [main] (system) o.g.monitor.server.ServerApplication     : Starting ServerApplication using Java 17.0.9 with PID 3376 (C:\definition_bymyself\java_code\Monitor\monitor-service\target\classes started by Garcia in C:\definition_bymyself\java_code\Monitor)
2024-05-12 01:02:48.018  INFO 3376 --- [main] (system) o.g.monitor.server.ServerApplication     : The following 1 profile is active: "dev"
2024-05-12 01:02:48.629  INFO 3376 --- [main] (system) .s.d.r.c.RepositoryConfigurationDelegate : Multiple Spring Data modules found, entering strict repository configuration mode
2024-05-12 01:02:48.632  INFO 3376 --- [main] (system) .s.d.r.c.RepositoryConfigurationDelegate : Bootstrapping Spring Data Redis repositories in DEFAULT mode.
2024-05-12 01:02:48.663  INFO 3376 --- [main] (system) .s.d.r.c.RepositoryConfigurationDelegate : Finished Spring Data repository scanning in 17 ms. Found 0 Redis repository interfaces.
2024-05-12 01:02:49.368  INFO 3376 --- [main] (system) o.s.b.w.embedded.tomcat.TomcatWebServer  : Tomcat initialized with port(s): 8080 (http)
2024-05-12 01:02:49.383  INFO 3376 --- [main] (system) o.apache.catalina.core.StandardService   : Starting service [Tomcat]
2024-05-12 01:02:49.383  INFO 3376 --- [main] (system) o.apache.catalina.core.StandardEngine    : Starting Servlet engine: [Apache Tomcat/10.1.20]
2024-05-12 01:02:49.484  INFO 3376 --- [main] (system) o.a.c.c.C.[Tomcat].[localhost].[/]       : Initializing Spring embedded WebApplicationContext
2024-05-12 01:02:49.484  INFO 3376 --- [main] (system) w.s.c.ServletWebServerApplicationContext : Root WebApplicationContext: initialization completed in 1424 ms
2024-05-12 01:02:50.605  INFO 3376 --- [main] (system) com.zaxxer.hikari.HikariDataSource       : HikariPool-1 - Starting...
2024-05-12 01:02:51.162  INFO 3376 --- [main] (system) com.zaxxer.hikari.pool.HikariPool        : HikariPool-1 - Added connection com.mysql.cj.jdbc.ConnectionImpl@21a9f95b
2024-05-12 01:02:51.166  INFO 3376 --- [main] (system) com.zaxxer.hikari.HikariDataSource       : HikariPool-1 - Start completed.
2024-05-12 01:02:51.724  INFO 3376 --- [main] (system) o.s.s.web.DefaultSecurityFilterChain     : Will secure any request with [org.springframework.security.web.session.DisableEncodeUrlFilter@31443680, org.springframework.security.web.context.request.async.WebAsyncManagerIntegrationFilter@33356666, org.springframework.security.web.context.SecurityContextHolderFilter@452ec287, org.springframework.security.web.header.HeaderWriterFilter@49b9ba6a, org.springframework.security.web.authentication.logout.LogoutFilter@bc52a41, org.springframework.security.web.authentication.UsernamePasswordAuthenticationFilter@4ba13fed, org.springframework.security.web.authentication.ui.DefaultLoginPageGeneratingFilter@4746fb8c, org.springframework.security.web.authentication.ui.DefaultLogoutPageGeneratingFilter@3a988299, org.springframework.security.web.savedrequest.RequestCacheAwareFilter@b267745, org.springframework.security.web.servletapi.SecurityContextHolderAwareRequestFilter@799971ac, org.springframework.security.web.authentication.AnonymousAuthenticationFilter@878feb2, org.garcia.monitor.server.filter.ExceptionFilter@619c93ca, org.springframework.security.web.access.ExceptionTranslationFilter@7507d96c, org.springframework.security.web.access.intercept.AuthorizationFilter@3aca2579]
2024-05-12 01:02:51.917  INFO 3376 --- [main] (system) c.c.s.c.s.AbstractWorkIdChooseTemplate   : snowFlake type:common.core.snowflake.core.snowflake.RandomWorkIdChoose, workId:12, dataCenterId:26
2024-05-12 01:02:52.738  INFO 3376 --- [main] (system) o.s.b.w.embedded.tomcat.TomcatWebServer  : Tomcat started on port(s): 8080 (http) with context path ''
2024-05-12 01:02:52.759  INFO 3376 --- [main] (system) o.g.monitor.server.ServerApplication     : Started ServerApplication in 5.209 seconds (process running for 6.036)
2024-05-12 01:02:58.248  INFO 3376 --- [http-nio-8080-exec-1] (system) o.a.c.c.C.[Tomcat].[localhost].[/]       : Initializing Spring DispatcherServlet 'dispatcherServlet'
2024-05-12 01:02:58.248  INFO 3376 --- [http-nio-8080-exec-1] (system) o.s.web.servlet.DispatcherServlet        : Initializing Servlet 'dispatcherServlet'
2024-05-12 01:02:58.249  INFO 3376 --- [http-nio-8080-exec-1] (system) o.s.web.servlet.DispatcherServlet        : Completed initialization in 1 ms
2024-05-12 01:04:50.958  WARN 3376 --- [HikariPool-1 housekeeper] (system) com.zaxxer.hikari.pool.HikariPool        : HikariPool-1 - Thread starvation or clock leap detected (housekeeper delta=50s894ms464µs600ns).
2024-05-12 01:04:51.061  INFO 3376 --- [SpringApplicationShutdownHook] (system) com.zaxxer.hikari.HikariDataSource       : HikariPool-1 - Shutdown initiated...
2024-05-12 01:04:51.100  INFO 3376 --- [SpringApplicationShutdownHook] (system) com.zaxxer.hikari.HikariDataSource       : HikariPool-1 - Shutdown completed.
2024-05-12 01:10:47.007  INFO 6844 --- [main] (system) o.g.monitor.server.ServerApplication     : Starting ServerApplication using Java 17.0.9 with PID 6844 (C:\definition_bymyself\java_code\Monitor\monitor-service\target\classes started by Garcia in C:\definition_bymyself\java_code\Monitor)
2024-05-12 01:10:47.009  INFO 6844 --- [main] (system) o.g.monitor.server.ServerApplication     : The following 1 profile is active: "dev"
2024-05-12 01:10:47.700  INFO 6844 --- [main] (system) .s.d.r.c.RepositoryConfigurationDelegate : Multiple Spring Data modules found, entering strict repository configuration mode
2024-05-12 01:10:47.703  INFO 6844 --- [main] (system) .s.d.r.c.RepositoryConfigurationDelegate : Bootstrapping Spring Data Redis repositories in DEFAULT mode.
2024-05-12 01:10:47.732  INFO 6844 --- [main] (system) .s.d.r.c.RepositoryConfigurationDelegate : Finished Spring Data repository scanning in 17 ms. Found 0 Redis repository interfaces.
2024-05-12 01:10:48.339  INFO 6844 --- [main] (system) o.s.b.w.embedded.tomcat.TomcatWebServer  : Tomcat initialized with port(s): 8080 (http)
2024-05-12 01:10:48.355  INFO 6844 --- [main] (system) o.apache.catalina.core.StandardService   : Starting service [Tomcat]
2024-05-12 01:10:48.356  INFO 6844 --- [main] (system) o.apache.catalina.core.StandardEngine    : Starting Servlet engine: [Apache Tomcat/10.1.20]
2024-05-12 01:10:48.488  INFO 6844 --- [main] (system) o.a.c.c.C.[Tomcat].[localhost].[/]       : Initializing Spring embedded WebApplicationContext
2024-05-12 01:10:48.489  INFO 6844 --- [main] (system) w.s.c.ServletWebServerApplicationContext : Root WebApplicationContext: initialization completed in 1437 ms
2024-05-12 01:10:48.957  INFO 6844 --- [main] (system) com.zaxxer.hikari.HikariDataSource       : HikariPool-1 - Starting...
2024-05-12 01:10:49.246  INFO 6844 --- [main] (system) com.zaxxer.hikari.pool.HikariPool        : HikariPool-1 - Added connection com.mysql.cj.jdbc.ConnectionImpl@55c03e4
2024-05-12 01:10:49.248  INFO 6844 --- [main] (system) com.zaxxer.hikari.HikariDataSource       : HikariPool-1 - Start completed.
2024-05-12 01:10:49.599  INFO 6844 --- [main] (system) o.s.s.web.DefaultSecurityFilterChain     : Will secure any request with [org.springframework.security.web.session.DisableEncodeUrlFilter@2890e479, org.springframework.security.web.context.request.async.WebAsyncManagerIntegrationFilter@6eb00cbe, org.springframework.security.web.context.SecurityContextHolderFilter@5f67181f, org.springframework.security.web.header.HeaderWriterFilter@4331be30, org.springframework.security.web.authentication.logout.LogoutFilter@470c4229, org.springframework.security.web.authentication.UsernamePasswordAuthenticationFilter@731e0bff, org.springframework.security.web.savedrequest.RequestCacheAwareFilter@75add13c, org.springframework.security.web.servletapi.SecurityContextHolderAwareRequestFilter@6a9df5, org.springframework.security.web.authentication.AnonymousAuthenticationFilter@74e4be21, org.springframework.security.web.access.ExceptionTranslationFilter@41f40dfa, org.springframework.security.web.access.intercept.AuthorizationFilter@2e44cb34]
2024-05-12 01:10:49.694  INFO 6844 --- [main] (system) c.c.s.c.s.AbstractWorkIdChooseTemplate   : snowFlake type:common.core.snowflake.core.snowflake.RandomWorkIdChoose, workId:2, dataCenterId:23
2024-05-12 01:10:50.110  INFO 6844 --- [main] (system) o.s.b.w.embedded.tomcat.TomcatWebServer  : Tomcat started on port(s): 8080 (http) with context path ''
2024-05-12 01:10:50.119  INFO 6844 --- [main] (system) o.g.monitor.server.ServerApplication     : Started ServerApplication in 3.525 seconds (process running for 3.959)
2024-05-12 01:11:00.512  INFO 6844 --- [http-nio-8080-exec-1] (system) o.a.c.c.C.[Tomcat].[localhost].[/]       : Initializing Spring DispatcherServlet 'dispatcherServlet'
2024-05-12 01:11:00.512  INFO 6844 --- [http-nio-8080-exec-1] (system) o.s.web.servlet.DispatcherServlet        : Initializing Servlet 'dispatcherServlet'
2024-05-12 01:11:00.513  INFO 6844 --- [http-nio-8080-exec-1] (system) o.s.web.servlet.DispatcherServlet        : Completed initialization in 1 ms
2024-05-12 01:12:29.566  INFO 6844 --- [SpringApplicationShutdownHook] (system) com.zaxxer.hikari.HikariDataSource       : HikariPool-1 - Shutdown initiated...
2024-05-12 01:12:29.574  INFO 6844 --- [SpringApplicationShutdownHook] (system) com.zaxxer.hikari.HikariDataSource       : HikariPool-1 - Shutdown completed.
